[0.020s] Invoking command in '/home/badri/ros2_ws/build/mpc_package': CMAKE_PREFIX_PATH=${CMAKE_PREFIX_PATH}:/opt/ros/humble /usr/bin/cmake --build /home/badri/ros2_ws/build/mpc_package -- -j8 -l8
[0.084s] [35m[1mConsolidate compiler generated dependencies of target mpc_node[0m
[0.124s] [ 50%] [32mBuilding CXX object CMakeFiles/mpc_node.dir/src/mpc_node.cpp.o[0m
[4.215s] [01m[K/home/badri/ros2_ws/src/mpc_package/src/mpc_node.cpp:[m[K In member function â€˜[01m[Kvoid MPCControllerNode::odomCallback(nav_msgs::msg::Odometry_<std::allocator<void> >::SharedPtr)[m[Kâ€™:
[4.215s] [01m[K/home/badri/ros2_ws/src/mpc_package/src/mpc_node.cpp:66:31:[m[K [01;31m[Kerror: [m[Kâ€˜[01m[KgetYaw[m[Kâ€™ is not a member of â€˜[01m[Ktf2[m[Kâ€™
[4.215s]    66 |         theta_current_ = tf2::[01;31m[KgetYaw[m[K(msg->pose.pose.orientation);
[4.216s]       |                               [01;31m[K^~~~~~[m[K
[7.311s] gmake[2]: *** [CMakeFiles/mpc_node.dir/build.make:76: CMakeFiles/mpc_node.dir/src/mpc_node.cpp.o] Error 1
[7.311s] gmake[1]: *** [CMakeFiles/Makefile2:137: CMakeFiles/mpc_node.dir/all] Error 2
[7.311s] gmake: *** [Makefile:146: all] Error 2
[7.314s] Invoked command in '/home/badri/ros2_ws/build/mpc_package' returned '2': CMAKE_PREFIX_PATH=${CMAKE_PREFIX_PATH}:/opt/ros/humble /usr/bin/cmake --build /home/badri/ros2_ws/build/mpc_package -- -j8 -l8
