[0.015s] Invoking command in '/home/badri/ros2_ws/build/mpc_package': CMAKE_PREFIX_PATH=${CMAKE_PREFIX_PATH}:/opt/ros/humble /usr/bin/cmake --build /home/badri/ros2_ws/build/mpc_package -- -j8 -l8
[0.055s] -- Found ament_cmake: 1.3.10 (/opt/ros/humble/share/ament_cmake/cmake)
[0.518s] -- Found rclcpp: 16.0.10 (/opt/ros/humble/share/rclcpp/cmake)
[0.557s] -- Found rosidl_generator_c: 3.1.5 (/opt/ros/humble/share/rosidl_generator_c/cmake)
[0.562s] -- Found rosidl_adapter: 3.1.5 (/opt/ros/humble/share/rosidl_adapter/cmake)
[0.574s] -- Found rosidl_generator_cpp: 3.1.5 (/opt/ros/humble/share/rosidl_generator_cpp/cmake)
[0.597s] -- Using all available rosidl_typesupport_c: rosidl_typesupport_fastrtps_c;rosidl_typesupport_introspection_c
[0.628s] -- Using all available rosidl_typesupport_cpp: rosidl_typesupport_fastrtps_cpp;rosidl_typesupport_introspection_cpp
[0.711s] -- Found rmw_implementation_cmake: 6.1.2 (/opt/ros/humble/share/rmw_implementation_cmake/cmake)
[0.715s] -- Found rmw_fastrtps_cpp: 6.2.7 (/opt/ros/humble/share/rmw_fastrtps_cpp/cmake)
[0.885s] -- Using RMW implementation 'rmw_fastrtps_cpp' as default
[0.953s] -- Found geometry_msgs: 4.2.4 (/opt/ros/humble/share/geometry_msgs/cmake)
[0.970s] -- Found nav_msgs: 4.2.4 (/opt/ros/humble/share/nav_msgs/cmake)
[1.114s] -- Configuring done
[1.152s] -- Generating done
[1.158s] -- Build files have been written to: /home/badri/ros2_ws/build/mpc_package
[1.292s] [ 50%] [32mBuilding CXX object CMakeFiles/mpc_node.dir/src/mpc_node.cpp.o[0m
[4.090s] [01m[K/home/badri/ros2_ws/src/mpc_package/src/mpc_node.cpp:6:17:[m[K [01;31m[Kerror: [m[Kâ€˜[01m[Kcasadi[m[Kâ€™ is not a namespace-name
[4.091s]     6 | using namespace [01;31m[Kcasadi[m[K;
[4.091s]       |                 [01;31m[K^~~~~~[m[K
[4.141s] [01m[K/home/badri/ros2_ws/src/mpc_package/src/mpc_node.cpp:127:5:[m[K [01;31m[Kerror: [m[Kâ€˜[01m[KSX[m[Kâ€™ does not name a type
[4.141s]   127 |     [01;31m[KSX[m[K x_, y_, theta_, v_, omega_;
[4.141s]       |     [01;31m[K^~[m[K
[4.143s] [01m[K/home/badri/ros2_ws/src/mpc_package/src/mpc_node.cpp:128:5:[m[K [01;31m[Kerror: [m[Kâ€˜[01m[KFunction[m[Kâ€™ does not name a type; did you mean â€˜[01m[Kunion[m[Kâ€™?
[4.143s]   128 |     [01;31m[KFunction[m[K f_;
[4.143s]       |     [01;31m[K^~~~~~~~[m[K
[4.143s]       |     [32m[Kunion[m[K
[4.144s] [01m[K/home/badri/ros2_ws/src/mpc_package/src/mpc_node.cpp:129:5:[m[K [01;31m[Kerror: [m[Kâ€˜[01m[KSX[m[Kâ€™ does not name a type
[4.144s]   129 |     [01;31m[KSX[m[K Q_, R_;
[4.144s]       |     [01;31m[K^~[m[K
[4.168s] [01m[K/home/badri/ros2_ws/src/mpc_package/src/mpc_node.cpp:[m[K In member function â€˜[01m[Kvoid MPCControllerNode::initializeMPC()[m[Kâ€™:
[4.168s] [01m[K/home/badri/ros2_ws/src/mpc_package/src/mpc_node.cpp:41:9:[m[K [01;31m[Kerror: [m[Kâ€˜[01m[Kx_[m[Kâ€™ was not declared in this scope; did you mean â€˜[01m[KN_[m[Kâ€™?
[4.168s]    41 |         [01;31m[Kx_[m[K = SX::sym("x");
[4.168s]       |         [01;31m[K^~[m[K
[4.168s]       |         [32m[KN_[m[K
[4.168s] [01m[K/home/badri/ros2_ws/src/mpc_package/src/mpc_node.cpp:41:14:[m[K [01;31m[Kerror: [m[Kâ€˜[01m[KSX[m[Kâ€™ has not been declared
[4.168s]    41 |         x_ = [01;31m[KSX[m[K::sym("x");
[4.168s]       |              [01;31m[K^~[m[K
[4.171s] [01m[K/home/badri/ros2_ws/src/mpc_package/src/mpc_node.cpp:42:9:[m[K [01;31m[Kerror: [m[Kâ€˜[01m[Ky_[m[Kâ€™ was not declared in this scope; did you mean â€˜[01m[KN_[m[Kâ€™?
[4.171s]    42 |         [01;31m[Ky_[m[K = SX::sym("y");
[4.171s]       |         [01;31m[K^~[m[K
[4.172s]       |         [32m[KN_[m[K
[4.172s] [01m[K/home/badri/ros2_ws/src/mpc_package/src/mpc_node.cpp:42:14:[m[K [01;31m[Kerror: [m[Kâ€˜[01m[KSX[m[Kâ€™ has not been declared
[4.172s]    42 |         y_ = [01;31m[KSX[m[K::sym("y");
[4.172s]       |              [01;31m[K^~[m[K
[4.176s] [01m[K/home/badri/ros2_ws/src/mpc_package/src/mpc_node.cpp:43:9:[m[K [01;31m[Kerror: [m[Kâ€˜[01m[Ktheta_[m[Kâ€™ was not declared in this scope
[4.176s]    43 |         [01;31m[Ktheta_[m[K = SX::sym("theta");
[4.176s]       |         [01;31m[K^~~~~~[m[K
[4.176s] [01m[K/home/badri/ros2_ws/src/mpc_package/src/mpc_node.cpp:43:18:[m[K [01;31m[Kerror: [m[Kâ€˜[01m[KSX[m[Kâ€™ has not been declared
[4.177s]    43 |         theta_ = [01;31m[KSX[m[K::sym("theta");
[4.177s]       |                  [01;31m[K^~[m[K
[4.180s] [01m[K/home/badri/ros2_ws/src/mpc_package/src/mpc_node.cpp:44:9:[m[K [01;31m[Kerror: [m[Kâ€˜[01m[Kv_[m[Kâ€™ was not declared in this scope; did you mean â€˜[01m[KN_[m[Kâ€™?
[4.180s]    44 |         [01;31m[Kv_[m[K = SX::sym("v");
[4.180s]       |         [01;31m[K^~[m[K
[4.180s]       |         [32m[KN_[m[K
[4.180s] [01m[K/home/badri/ros2_ws/src/mpc_package/src/mpc_node.cpp:44:14:[m[K [01;31m[Kerror: [m[Kâ€˜[01m[KSX[m[Kâ€™ has not been declared
[4.180s]    44 |         v_ = [01;31m[KSX[m[K::sym("v");
[4.181s]       |              [01;31m[K^~[m[K
[4.185s] [01m[K/home/badri/ros2_ws/src/mpc_package/src/mpc_node.cpp:45:9:[m[K [01;31m[Kerror: [m[Kâ€˜[01m[Komega_[m[Kâ€™ was not declared in this scope
[4.185s]    45 |         [01;31m[Komega_[m[K = SX::sym("omega");
[4.185s]       |         [01;31m[K^~~~~~[m[K
[4.185s] [01m[K/home/badri/ros2_ws/src/mpc_package/src/mpc_node.cpp:45:18:[m[K [01;31m[Kerror: [m[Kâ€˜[01m[KSX[m[Kâ€™ has not been declared
[4.185s]    45 |         omega_ = [01;31m[KSX[m[K::sym("omega");
[4.185s]       |                  [01;31m[K^~[m[K
[4.189s] [01m[K/home/badri/ros2_ws/src/mpc_package/src/mpc_node.cpp:48:9:[m[K [01;31m[Kerror: [m[Kâ€˜[01m[KSX[m[Kâ€™ was not declared in this scope
[4.189s]    48 |         [01;31m[KSX[m[K rhs = SX::vertcat({
[4.189s]       |         [01;31m[K^~[m[K
[4.189s] [01m[K/home/badri/ros2_ws/src/mpc_package/src/mpc_node.cpp:52:10:[m[K [01;31m[Kerror: [m[Kexpected primary-expression before â€˜[01m[K)[m[Kâ€™ token
[4.189s]    52 |         }[01;31m[K)[m[K;
[4.189s]       |          [01;31m[K^[m[K
[4.193s] [01m[K/home/badri/ros2_ws/src/mpc_package/src/mpc_node.cpp:53:9:[m[K [01;31m[Kerror: [m[Kâ€˜[01m[Kf_[m[Kâ€™ was not declared in this scope; did you mean â€˜[01m[KN_[m[Kâ€™?
[4.193s]    53 |         [01;31m[Kf_[m[K = Function("f", {x_, y_, theta_, v_, omega_}, {rhs});
[4.193s]       |         [01;31m[K^~[m[K
[4.193s]       |         [32m[KN_[m[K
[4.197s] [01m[K/home/badri/ros2_ws/src/mpc_package/src/mpc_node.cpp:53:59:[m[K [01;31m[Kerror: [m[Kâ€˜[01m[Krhs[m[Kâ€™ was not declared in this scope
[4.197s]    53 |         f_ = Function("f", {x_, y_, theta_, v_, omega_}, {[01;31m[Krhs[m[K});
[4.197s]       |                                                           [01;31m[K^~~[m[K
[4.202s] [01m[K/home/badri/ros2_ws/src/mpc_package/src/mpc_node.cpp:53:14:[m[K [01;31m[Kerror: [m[Kâ€˜[01m[KFunction[m[Kâ€™ was not declared in this scope; did you mean â€˜[01m[Kunion[m[Kâ€™?
[4.202s]    53 |         f_ = [01;31m[KFunction[m[K("f", {x_, y_, theta_, v_, omega_}, {rhs});
[4.202s]       |              [01;31m[K^~~~~~~~[m[K
[4.202s]       |              [32m[Kunion[m[K
[4.205s] [01m[K/home/badri/ros2_ws/src/mpc_package/src/mpc_node.cpp:56:9:[m[K [01;31m[Kerror: [m[Kâ€˜[01m[KQ_[m[Kâ€™ was not declared in this scope; did you mean â€˜[01m[KN_[m[Kâ€™?
[4.206s]    56 |         [01;31m[KQ_[m[K = SX::diag(SX({10, 10, 1}));
[4.206s]       |         [01;31m[K^~[m[K
[4.206s]       |         [32m[KN_[m[K
[4.206s] [01m[K/home/badri/ros2_ws/src/mpc_package/src/mpc_node.cpp:56:14:[m[K [01;31m[Kerror: [m[Kâ€˜[01m[KSX[m[Kâ€™ is not a class, namespace, or enumeration
[4.206s]    56 |         Q_ = [01;31m[KSX[m[K::diag(SX({10, 10, 1}));
[4.206s]       |              [01;31m[K^~[m[K
[4.209s] [01m[K/home/badri/ros2_ws/src/mpc_package/src/mpc_node.cpp:57:9:[m[K [01;31m[Kerror: [m[Kâ€˜[01m[KR_[m[Kâ€™ was not declared in this scope; did you mean â€˜[01m[KN_[m[Kâ€™?
[4.209s]    57 |         [01;31m[KR_[m[K = SX::diag(SX({0.1, 0.1}));
[4.209s]       |         [01;31m[K^~[m[K
[4.209s]       |         [32m[KN_[m[K
[4.209s] [01m[K/home/badri/ros2_ws/src/mpc_package/src/mpc_node.cpp:57:14:[m[K [01;31m[Kerror: [m[Kâ€˜[01m[KSX[m[Kâ€™ is not a class, namespace, or enumeration
[4.209s]    57 |         R_ = [01;31m[KSX[m[K::diag(SX({0.1, 0.1}));
[4.209s]       |              [01;31m[K^~[m[K
[4.211s] [01m[K/home/badri/ros2_ws/src/mpc_package/src/mpc_node.cpp:[m[K In member function â€˜[01m[Kvoid MPCControllerNode::odomCallback(nav_msgs::msg::Odometry_<std::allocator<void> >::SharedPtr)[m[Kâ€™:
[4.212s] [01m[K/home/badri/ros2_ws/src/mpc_package/src/mpc_node.cpp:64:26:[m[K [01;31m[Kerror: [m[Kâ€˜[01m[Ktf2[m[Kâ€™ has not been declared
[4.212s]    64 |         theta_current_ = [01;31m[Ktf2[m[K::getYaw(msg->pose.pose.orientation);
[4.212s]       |                          [01;31m[K^~~[m[K
[4.221s] [01m[K/home/badri/ros2_ws/src/mpc_package/src/mpc_node.cpp:[m[K In member function â€˜[01m[Kstd::map<std::__cxx11::basic_string<char>, double> MPCControllerNode::computeMPC(double, double, double)[m[Kâ€™:
[4.221s] [01m[K/home/badri/ros2_ws/src/mpc_package/src/mpc_node.cpp:80:9:[m[K [01;31m[Kerror: [m[Kâ€˜[01m[KSX[m[Kâ€™ was not declared in this scope
[4.221s]    80 |         [01;31m[KSX[m[K X = SX::sym("X", 3, N_+1);
[4.221s]       |         [01;31m[K^~[m[K
[4.221s] [01m[K/home/badri/ros2_ws/src/mpc_package/src/mpc_node.cpp:81:12:[m[K [01;31m[Kerror: [m[Kexpected â€˜[01m[K;[m[Kâ€™ before â€˜[01m[KU[m[Kâ€™
[4.221s]    81 |         SX [01;31m[KU[m[K = SX::sym("U", 2, N_);
[4.221s]       |            [01;31m[K^[m[K
[4.221s] [01m[K/home/badri/ros2_ws/src/mpc_package/src/mpc_node.cpp:83:12:[m[K [01;31m[Kerror: [m[Kexpected â€˜[01m[K;[m[Kâ€™ before â€˜[01m[Kcost[m[Kâ€™
[4.222s]    83 |         SX [01;31m[Kcost[m[K = 0;
[4.222s]       |            [01;31m[K^~~~[m[K
[4.222s] [01m[K/home/badri/ros2_ws/src/mpc_package/src/mpc_node.cpp:84:23:[m[K [01;31m[Kerror: [m[Ktemplate argument 2 is invalid
[4.222s]    84 |         std::vector<SX[01;31m[K>[m[K constraints;
[4.222s]       |                       [01;31m[K^[m[K
[4.222s] [01m[K/home/badri/ros2_ws/src/mpc_package/src/mpc_node.cpp:85:21:[m[K [01;31m[Kerror: [m[Krequest for member â€˜[01m[Kpush_back[m[Kâ€™ in â€˜[01m[Kconstraints[m[Kâ€™, which is of non-class type â€˜[01m[Kint[m[Kâ€™
[4.222s]    85 |         constraints.[01;31m[Kpush_back[m[K(X(Slice(), 0) - SX::vertcat({x_init, y_init, theta_init}));
[4.222s]       |                     [01;31m[K^~~~~~~~~[m[K
[4.225s] [01m[K/home/badri/ros2_ws/src/mpc_package/src/mpc_node.cpp:85:33:[m[K [01;31m[Kerror: [m[Kâ€˜[01m[KSlice[m[Kâ€™ was not declared in this scope
[4.225s]    85 |         constraints.push_back(X([01;31m[KSlice[m[K(), 0) - SX::vertcat({x_init, y_init, theta_init}));
[4.225s]       |                                 [01;31m[K^~~~~[m[K
[4.229s] [01m[K/home/badri/ros2_ws/src/mpc_package/src/mpc_node.cpp:85:31:[m[K [01;31m[Kerror: [m[Kâ€˜[01m[KX[m[Kâ€™ was not declared in this scope
[4.230s]    85 |         constraints.push_back([01;31m[KX[m[K(Slice(), 0) - SX::vertcat({x_init, y_init, theta_init}));
[4.230s]       |                               [01;31m[K^[m[K
[4.230s] [01m[K/home/badri/ros2_ws/src/mpc_package/src/mpc_node.cpp:85:47:[m[K [01;31m[Kerror: [m[Kâ€˜[01m[KSX[m[Kâ€™ is not a class, namespace, or enumeration
[4.230s]    85 |         constraints.push_back(X(Slice(), 0) - [01;31m[KSX[m[K::vertcat({x_init, y_init, theta_init}));
[4.230s]       |                                               [01;31m[K^~[m[K
[4.230s] [01m[K/home/badri/ros2_ws/src/mpc_package/src/mpc_node.cpp:88:16:[m[K [01;31m[Kerror: [m[Kexpected â€˜[01m[K;[m[Kâ€™ before â€˜[01m[Kstate_error[m[Kâ€™
[4.230s]    88 |             SX [01;31m[Kstate_error[m[K = X(Slice(), k) - SX::vertcat({x_target_, y_target_, theta_target_});
[4.230s]       |                [01;31m[K^~~~~~~~~~~[m[K
[4.230s] [01m[K/home/badri/ros2_ws/src/mpc_package/src/mpc_node.cpp:88:95:[m[K [01;31m[Kerror: [m[Kexpected primary-expression before â€˜[01m[K)[m[Kâ€™ token
[4.230s]    88 | r = X(Slice(), k) - SX::vertcat({x_target_, y_target_, theta_target_}[01;31m[K)[m[K;
[4.230s]       |                                                                      [01;31m[K^[m[K
[4.230s] 
[4.230s] [01m[K/home/badri/ros2_ws/src/mpc_package/src/mpc_node.cpp:89:16:[m[K [01;31m[Kerror: [m[Kexpected â€˜[01m[K;[m[Kâ€™ before â€˜[01m[Kcontrol_input[m[Kâ€™
[4.231s]    89 |             SX [01;31m[Kcontrol_input[m[K = U(Slice(), k);
[4.231s]       |                [01;31m[K^~~~~~~~~~~~~[m[K
[4.234s] [01m[K/home/badri/ros2_ws/src/mpc_package/src/mpc_node.cpp:90:13:[m[K [01;31m[Kerror: [m[Kâ€˜[01m[Kcost[m[Kâ€™ was not declared in this scope; did you mean â€˜[01m[Kcosl[m[Kâ€™?
[4.234s]    90 |             [01;31m[Kcost[m[K += SX::dot(state_error, Q_ * state_error) + SX::dot(control_input, R_ * control_input);
[4.234s]       |             [01;31m[K^~~~[m[K
[4.234s]       |             [32m[Kcosl[m[K
[4.234s] [01m[K/home/badri/ros2_ws/src/mpc_package/src/mpc_node.cpp:90:21:[m[K [01;31m[Kerror: [m[Kâ€˜[01m[KSX[m[Kâ€™ is not a class, namespace, or enumeration
[4.234s]    90 |             cost += [01;31m[KSX[m[K::dot(state_error, Q_ * state_error) + SX::dot(control_input, R_ * control_input);
[4.234s]       |                     [01;31m[K^~[m[K
[4.240s] [01m[K/home/badri/ros2_ws/src/mpc_package/src/mpc_node.cpp:90:29:[m[K [01;31m[Kerror: [m[Kâ€˜[01m[Kstate_error[m[Kâ€™ was not declared in this scope; did you mean â€˜[01m[Kstrerror[m[Kâ€™?
[4.241s]    90 |             cost += SX::dot([01;31m[Kstate_error[m[K, Q_ * state_error) + SX::dot(control_input, R_ * control_input);
[4.241s]       |                             [01;31m[K^~~~~~~~~~~[m[K
[4.241s]       |                             [32m[Kstrerror[m[K
[4.245s] [01m[K/home/badri/ros2_ws/src/mpc_package/src/mpc_node.cpp:90:42:[m[K [01;31m[Kerror: [m[Kâ€˜[01m[KQ_[m[Kâ€™ was not declared in this scope; did you mean â€˜[01m[KN_[m[Kâ€™?
[4.245s]    90 |             cost += SX::dot(state_error, [01;31m[KQ_[m[K * state_error) + SX::dot(control_input, R_ * control_input);
[4.245s]       |                                          [01;31m[K^~[m[K
[4.245s]       |                                          [32m[KN_[m[K
[4.245s] [01m[K/home/badri/ros2_ws/src/mpc_package/src/mpc_node.cpp:90:62:[m[K [01;31m[Kerror: [m[Kâ€˜[01m[KSX[m[Kâ€™ is not a class, namespace, or enumeration
[4.245s]    90 |            cost += SX::dot(state_error, Q_ * state_error) + [01;31m[KSX[m[K::dot(control_input, R_ * control_input);
[4.245s]       |                                                             [01;31m[K^~[m[K
[4.245s] 
[4.253s] [01m[K/home/badri/ros2_ws/src/mpc_package/src/mpc_node.cpp:90:70:[m[K [01;31m[Kerror: [m[Kâ€˜[01m[Kcontrol_input[m[Kâ€™ was not declared in this scope
[4.253s]    90 |    cost += SX::dot(state_error, Q_ * state_error) + SX::dot([01;31m[Kcontrol_input[m[K, R_ * control_input);
[4.253s]       |                                                             [01;31m[K^~~~~~~~~~~~~[m[K
[4.253s] 
[4.257s] [01m[K/home/badri/ros2_ws/src/mpc_package/src/mpc_node.cpp:90:85:[m[K [01;31m[Kerror: [m[Kâ€˜[01m[KR_[m[Kâ€™ was not declared in this scope; did you mean â€˜[01m[KN_[m[Kâ€™?
[4.257s]    90 | dot(state_error, Q_ * state_error) + SX::dot(control_input, [01;31m[KR_[m[K * control_input);
[4.257s]       |                                                             [01;31m[K^~[m[K
[4.257s]       |                                                             [32m[KN_[m[K
[4.257s] [01m[K/home/badri/ros2_ws/src/mpc_package/src/mpc_node.cpp:92:16:[m[K [01;31m[Kerror: [m[Kexpected â€˜[01m[K;[m[Kâ€™ before â€˜[01m[Kx_next[m[Kâ€™
[4.258s]    92 |             SX [01;31m[Kx_next[m[K = f_(SXVector{X(0, k), X(1, k), X(2, k), U(0, k), U(1, k)})[0];
[4.258s]       |                [01;31m[K^~~~~~[m[K
[4.258s] [01m[K/home/badri/ros2_ws/src/mpc_package/src/mpc_node.cpp:92:81:[m[K [01;31m[Kerror: [m[Kexpected primary-expression before â€˜[01m[K)[m[Kâ€™ token
[4.258s]    92 |  x_next = f_(SXVector{X(0, k), X(1, k), X(2, k), U(0, k), U(1, k)}[01;31m[K)[m[K[0];
[4.258s]       |                                                                   [01;31m[K^[m[K
[4.258s] 
[4.258s] [01m[K/home/badri/ros2_ws/src/mpc_package/src/mpc_node.cpp:93:25:[m[K [01;31m[Kerror: [m[Krequest for member â€˜[01m[Kpush_back[m[Kâ€™ in â€˜[01m[Kconstraints[m[Kâ€™, which is of non-class type â€˜[01m[Kint[m[Kâ€™
[4.258s]    93 |             constraints.[01;31m[Kpush_back[m[K(X(Slice(), k+1) - x_next);
[4.258s]       |                         [01;31m[K^~~~~~~~~[m[K
[4.262s] [01m[K/home/badri/ros2_ws/src/mpc_package/src/mpc_node.cpp:93:53:[m[K [01;31m[Kerror: [m[Kâ€˜[01m[Kx_next[m[Kâ€™ was not declared in this scope
[4.262s]    93 |             constraints.push_back(X(Slice(), k+1) - [01;31m[Kx_next[m[K);
[4.262s]       |                                                     [01;31m[K^~~~~~[m[K
[4.267s] [01m[K/home/badri/ros2_ws/src/mpc_package/src/mpc_node.cpp:96:9:[m[K [01;31m[Kerror: [m[Kâ€˜[01m[KSXDict[m[Kâ€™ was not declared in this scope
[4.267s]    96 |         [01;31m[KSXDict[m[K nlp = {{"x", vertcat(X, U)}, {"f", cost}, {"g", vertcat(constraints)}};
[4.267s]       |         [01;31m[K^~~~~~[m[K
[4.272s] [01m[K/home/badri/ros2_ws/src/mpc_package/src/mpc_node.cpp:97:9:[m[K [01;31m[Kerror: [m[Kâ€˜[01m[KFunction[m[Kâ€™ was not declared in this scope; did you mean â€˜[01m[Kunion[m[Kâ€™?
[4.272s]    97 |         [01;31m[KFunction[m[K solver = nlpsol("solver", "ipopt", nlp);
[4.272s]       |         [01;31m[K^~~~~~~~[m[K
[4.272s]       |         [32m[Kunion[m[K
[4.276s] [01m[K/home/badri/ros2_ws/src/mpc_package/src/mpc_node.cpp:99:9:[m[K [01;31m[Kerror: [m[Kâ€˜[01m[KDM[m[Kâ€™ was not declared in this scope
[4.276s]    99 |         [01;31m[KDM[m[K X_init = DM::zeros(3, N_+1);
[4.276s]       |         [01;31m[K^~[m[K
[4.276s] [01m[K/home/badri/ros2_ws/src/mpc_package/src/mpc_node.cpp:100:12:[m[K [01;31m[Kerror: [m[Kexpected â€˜[01m[K;[m[Kâ€™ before â€˜[01m[KU_init[m[Kâ€™
[4.276s]   100 |         DM [01;31m[KU_init[m[K = DM::zeros(2, N_);
[4.276s]       |            [01;31m[K^~~~~~[m[K
[4.276s] [01m[K/home/badri/ros2_ws/src/mpc_package/src/mpc_node.cpp:102:33:[m[K [01;31m[Kerror: [m[Ktemplate argument 4 is invalid
[4.276s]   102 |         std::map<std::string, DM[01;31m[K>[m[K arg;
[4.276s]       |                                 [01;31m[K^[m[K
[4.280s] [01m[K/home/badri/ros2_ws/src/mpc_package/src/mpc_node.cpp:103:29:[m[K [01;31m[Kerror: [m[Kâ€˜[01m[KX_init[m[Kâ€™ was not declared in this scope; did you mean â€˜[01m[Kx_init[m[Kâ€™?
[4.280s]   103 |         arg["x0"] = vertcat([01;31m[KX_init[m[K, U_init);
[4.280s]       |                             [01;31m[K^~~~~~[m[K
[4.280s]       |                             [32m[Kx_init[m[K
[4.284s] [01m[K/home/badri/ros2_ws/src/mpc_package/src/mpc_node.cpp:103:37:[m[K [01;31m[Kerror: [m[Kâ€˜[01m[KU_init[m[Kâ€™ was not declared in this scope; did you mean â€˜[01m[Kx_init[m[Kâ€™?
[4.284s]   103 |         arg["x0"] = vertcat(X_init, [01;31m[KU_init[m[K);
[4.284s]       |                                     [01;31m[K^~~~~~[m[K
[4.285s]       |                                     [32m[Kx_init[m[K
[4.289s] [01m[K/home/badri/ros2_ws/src/mpc_package/src/mpc_node.cpp:103:21:[m[K [01;31m[Kerror: [m[Kâ€˜[01m[Kvertcat[m[Kâ€™ was not declared in this scope
[4.290s]   103 |         arg["x0"] = [01;31m[Kvertcat[m[K(X_init, U_init);
[4.290s]       |                     [01;31m[K^~~~~~~[m[K
[4.290s] [01m[K/home/badri/ros2_ws/src/mpc_package/src/mpc_node.cpp:104:23:[m[K [01;31m[Kerror: [m[Kâ€˜[01m[KDM[m[Kâ€™ is not a class, namespace, or enumeration
[4.290s]   104 |         arg["lbx"] = -[01;31m[KDM[m[K::inf(3, N_+1);
[4.290s]       |                       [01;31m[K^~[m[K
[4.290s] [01m[K/home/badri/ros2_ws/src/mpc_package/src/mpc_node.cpp:105:22:[m[K [01;31m[Kerror: [m[Kâ€˜[01m[KDM[m[Kâ€™ is not a class, namespace, or enumeration
[4.290s]   105 |         arg["ubx"] = [01;31m[KDM[m[K::inf(3, N_+1);
[4.290s]       |                      [01;31m[K^~[m[K
[4.290s] [01m[K/home/badri/ros2_ws/src/mpc_package/src/mpc_node.cpp:106:22:[m[K [01;31m[Kerror: [m[Kâ€˜[01m[KDM[m[Kâ€™ is not a class, namespace, or enumeration
[4.290s]   106 |         arg["lbg"] = [01;31m[KDM[m[K::zeros(3 * (N_ + 1));
[4.290s]       |                      [01;31m[K^~[m[K
[4.290s] [01m[K/home/badri/ros2_ws/src/mpc_package/src/mpc_node.cpp:107:22:[m[K [01;31m[Kerror: [m[Kâ€˜[01m[KDM[m[Kâ€™ is not a class, namespace, or enumeration
[4.290s]   107 |         arg["ubg"] = [01;31m[KDM[m[K::zeros(3 * (N_ + 1));
[4.290s]       |                      [01;31m[K^~[m[K
[4.294s] [01m[K/home/badri/ros2_ws/src/mpc_package/src/mpc_node.cpp:109:23:[m[K [01;31m[Kerror: [m[Kâ€˜[01m[Ksolver[m[Kâ€™ was not declared in this scope
[4.294s]   109 |         auto result = [01;31m[Ksolver[m[K(arg);
[4.295s]       |                       [01;31m[K^~~~~~[m[K
[6.827s] gmake[2]: *** [CMakeFiles/mpc_node.dir/build.make:76: CMakeFiles/mpc_node.dir/src/mpc_node.cpp.o] Error 1
[6.827s] gmake[1]: *** [CMakeFiles/Makefile2:137: CMakeFiles/mpc_node.dir/all] Error 2
[6.827s] gmake: *** [Makefile:146: all] Error 2
[6.830s] Invoked command in '/home/badri/ros2_ws/build/mpc_package' returned '2': CMAKE_PREFIX_PATH=${CMAKE_PREFIX_PATH}:/opt/ros/humble /usr/bin/cmake --build /home/badri/ros2_ws/build/mpc_package -- -j8 -l8
